0 info it worked if it ends with ok
1 verbose cli [ '/Users/mox/.nvm/versions/node/v4.4.4/bin/node',
1 verbose cli   '/Users/mox/.nvm/versions/node/v4.4.4/bin/npm',
1 verbose cli   'publish' ]
2 info using npm@2.15.1
3 info using node@v4.4.4
4 verbose publish [ '.' ]
5 silly cache add args [ '.', null ]
6 verbose cache add spec .
7 silly cache add parsed spec Result {
7 silly cache add   raw: '.',
7 silly cache add   scope: null,
7 silly cache add   name: null,
7 silly cache add   rawSpec: '.',
7 silly cache add   spec: '/Users/mox/digitalx-project/xpay-js',
7 silly cache add   type: 'directory' }
8 verbose addLocalDirectory /Users/mox/.npm/xpay-js/0.0.3/package.tgz not in flight; packing
9 verbose correctMkdir /Users/mox/.npm correctMkdir not in flight; initializing
10 verbose tar pack [ '/Users/mox/.npm/xpay-js/0.0.3/package.tgz',
10 verbose tar pack   '/Users/mox/digitalx-project/xpay-js' ]
11 verbose tarball /Users/mox/.npm/xpay-js/0.0.3/package.tgz
12 verbose folder /Users/mox/digitalx-project/xpay-js
13 info prepublish xpay-js@0.0.3
14 verbose addLocalTarball adding from inside cache /Users/mox/.npm/xpay-js/0.0.3/package.tgz
15 verbose correctMkdir /Users/mox/.npm correctMkdir not in flight; initializing
16 silly cache afterAdd xpay-js@0.0.3
17 verbose afterAdd /Users/mox/.npm/xpay-js/0.0.3/package/package.json not in flight; writing
18 verbose correctMkdir /Users/mox/.npm correctMkdir not in flight; initializing
19 verbose afterAdd /Users/mox/.npm/xpay-js/0.0.3/package/package.json written
20 silly publish { name: 'xpay-js',
20 silly publish   version: '0.0.3',
20 silly publish   description: 'Soft integration with X-pay payment system"',
20 silly publish   main: 'index.js',
20 silly publish   scripts: { test: 'node node_modules/jasmine-node/lib/jasmine-node/cli.js --verbose --captureExceptions test' },
20 silly publish   repository:
20 silly publish    { type: 'git',
20 silly publish      url: 'git+https://github.com/auridevil/xpay-js.git' },
20 silly publish   keywords: [ 'integration', 'xpay', 'nodejs' ],
20 silly publish   author: { name: 'Aureliano Bergese' },
20 silly publish   license: 'MIT',
20 silly publish   devDependencies:
20 silly publish    { jasmine: '^2.4.1',
20 silly publish      'jasmine-node': '^1.14.5',
20 silly publish      'node-inspector': '^0.12.8' },
20 silly publish   engines: { node: '5.7' },
20 silly publish   dependencies: { underscore: '^1.8.3' },
20 silly publish   readme: '# xpay-js\nSoft integration with X-pay payment system\n\n\nWORK_IN_PROGRESS',
20 silly publish   readmeFilename: 'README.md',
20 silly publish   gitHead: '488bb6ca9222a31f3d5e42c1adfe43d2a7c857dc',
20 silly publish   bugs: { url: 'https://github.com/auridevil/xpay-js/issues' },
20 silly publish   homepage: 'https://github.com/auridevil/xpay-js#readme',
20 silly publish   _id: 'xpay-js@0.0.3',
20 silly publish   _shasum: '2030489047aef790827c4fb4059a13b86b16d90c',
20 silly publish   _from: '.' }
21 verbose getPublishConfig undefined
22 silly mapToRegistry name xpay-js
23 silly mapToRegistry using default registry
24 silly mapToRegistry registry https://registry.npmjs.org/
25 silly mapToRegistry data Result {
25 silly mapToRegistry   raw: 'xpay-js',
25 silly mapToRegistry   scope: null,
25 silly mapToRegistry   name: 'xpay-js',
25 silly mapToRegistry   rawSpec: '',
25 silly mapToRegistry   spec: 'latest',
25 silly mapToRegistry   type: 'tag' }
26 silly mapToRegistry uri https://registry.npmjs.org/xpay-js
27 verbose publish registryBase https://registry.npmjs.org/
28 silly publish uploading /Users/mox/.npm/xpay-js/0.0.3/package.tgz
29 verbose request uri https://registry.npmjs.org/xpay-js
30 verbose request sending authorization for write operation
31 info attempt registry request try #1 at 17:10:32
32 verbose request using bearer token for auth
33 verbose request id abcc67a45c8b057d
34 http request PUT https://registry.npmjs.org/xpay-js
35 http 403 https://registry.npmjs.org/xpay-js
36 verbose headers { 'content-type': 'application/json',
36 verbose headers   'cache-control': 'max-age=300',
36 verbose headers   'content-length': '95',
36 verbose headers   'accept-ranges': 'bytes',
36 verbose headers   date: 'Wed, 08 Jun 2016 15:10:34 GMT',
36 verbose headers   via: '1.1 varnish',
36 verbose headers   connection: 'keep-alive',
36 verbose headers   'x-served-by': 'cache-fra1235-FRA',
36 verbose headers   'x-cache': 'MISS',
36 verbose headers   'x-cache-hits': '0',
36 verbose headers   'x-timer': 'S1465398633.052879,VS0,VE1043',
36 verbose headers   vary: 'Accept-Encoding' }
37 verbose request invalidating /Users/mox/.npm/registry.npmjs.org/xpay-js on PUT
38 error publish Failed PUT 403
39 verbose stack Error: "You cannot publish over the previously published version 0.0.3." : xpay-js
39 verbose stack     at makeError (/Users/mox/.nvm/versions/node/v4.4.4/lib/node_modules/npm/node_modules/npm-registry-client/lib/request.js:264:12)
39 verbose stack     at CachingRegistryClient.<anonymous> (/Users/mox/.nvm/versions/node/v4.4.4/lib/node_modules/npm/node_modules/npm-registry-client/lib/request.js:252:14)
39 verbose stack     at Request._callback (/Users/mox/.nvm/versions/node/v4.4.4/lib/node_modules/npm/node_modules/npm-registry-client/lib/request.js:172:14)
39 verbose stack     at Request.self.callback (/Users/mox/.nvm/versions/node/v4.4.4/lib/node_modules/npm/node_modules/request/request.js:199:22)
39 verbose stack     at emitTwo (events.js:87:13)
39 verbose stack     at Request.emit (events.js:172:7)
39 verbose stack     at Request.<anonymous> (/Users/mox/.nvm/versions/node/v4.4.4/lib/node_modules/npm/node_modules/request/request.js:1036:10)
39 verbose stack     at emitOne (events.js:82:20)
39 verbose stack     at Request.emit (events.js:169:7)
39 verbose stack     at IncomingMessage.<anonymous> (/Users/mox/.nvm/versions/node/v4.4.4/lib/node_modules/npm/node_modules/request/request.js:963:12)
40 verbose statusCode 403
41 verbose pkgid xpay-js
42 verbose cwd /Users/mox/digitalx-project/xpay-js
43 error Darwin 14.5.0
44 error argv "/Users/mox/.nvm/versions/node/v4.4.4/bin/node" "/Users/mox/.nvm/versions/node/v4.4.4/bin/npm" "publish"
45 error node v4.4.4
46 error npm  v2.15.1
47 error code E403
48 error "You cannot publish over the previously published version 0.0.3." : xpay-js
49 error If you need help, you may report this error at:
49 error     <https://github.com/npm/npm/issues>
50 verbose exit [ 1, true ]
